<?xml version="1.0" encoding="UTF-8"?>
<!-- Generated by org.testng.reporters.JUnitReportReporter -->
<testsuite hostname="DESKTOP-T8B8QGB" failures="0" tests="1" name="TestNGPackage.day3" time="0.005" errors="0" timestamp="2022-08-28T13:22:33 IST" skipped="0">
  <testcase classname="TestNGPackage.day3" name="MobileLoginCarLoan" time="0.005"/>
  <system-out/>
</testsuite> <!-- TestNGPackage.day3 -->
