<?xml version="1.0" encoding="UTF-8"?>
<!-- Generated by org.testng.reporters.JUnitReportReporter -->
<testsuite hostname="DESKTOP-T8B8QGB" failures="0" tests="5" name="TestNGPackage.day3" time="0.064" errors="0" timestamp="2022-08-30T00:40:43 IST" skipped="0">
  <testcase classname="TestNGPackage.day3" name="WebLoginCarLoan" time="0.012"/>
  <system-out/>
  <testcase classname="TestNGPackage.day3" name="MobileSignOutCarloan" time="0.004"/>
  <system-out/>
  <testcase classname="TestNGPackage.day3" name="MobileSignOutCarloan" time="0.003"/>
  <system-out/>
  <testcase classname="TestNGPackage.day3" name="MobileSignOutCarloan" time="0.040"/>
  <system-out/>
  <testcase classname="TestNGPackage.day3" name="APICarLoan" time="0.005"/>
  <system-out/>
</testsuite> <!-- TestNGPackage.day3 -->
