<?xml version="1.0" encoding="UTF-8"?>
<!-- Generated by org.testng.reporters.JUnitReportReporter -->
<testsuite hostname="DESKTOP-T8B8QGB" failures="0" tests="3" name="TestNGPackage.day4" time="0.011" errors="0" timestamp="2022-08-29T12:59:10 IST" skipped="0">
  <testcase classname="TestNGPackage.day4" name="MobileLoginHomeLoan" time="0.008"/>
  <system-out/>
  <testcase classname="TestNGPackage.day4" name="WebLoginHomeLoan" time="0.001"/>
  <system-out/>
  <testcase classname="TestNGPackage.day4" name="LoginAPIHomeLoan" time="0.002"/>
  <system-out/>
</testsuite> <!-- TestNGPackage.day4 -->
