<?xml version="1.0" encoding="UTF-8"?>
<!-- Generated by org.testng.reporters.JUnitReportReporter -->
<testsuite hostname="DESKTOP-T8B8QGB" failures="0" tests="1" name="TestNGPackage.day4" time="0.004" errors="0" timestamp="2022-08-28T13:22:33 IST" skipped="0">
  <testcase classname="TestNGPackage.day4" name="WobileLoginHomeLoan" time="0.004"/>
  <system-out/>
</testsuite> <!-- TestNGPackage.day4 -->
