<?xml version="1.0" encoding="UTF-8"?>
<!-- Generated by org.testng.reporters.JUnitReportReporter -->
<testsuite hostname="DESKTOP-T8B8QGB" failures="0" tests="3" name="TestNGPackage.day3" time="0.013" errors="0" timestamp="2022-08-25T23:29:02 IST" skipped="0">
  <testcase classname="TestNGPackage.day3" name="MobileLoginCarLoan" time="0.002"/>
  <system-out/>
  <testcase classname="TestNGPackage.day3" name="LoginAPICarLoan" time="0.002"/>
  <system-out/>
  <testcase classname="TestNGPackage.day3" name="WebLoginCarLoan" time="0.009"/>
  <system-out/>
</testsuite> <!-- TestNGPackage.day3 -->
