<?xml version="1.0" encoding="UTF-8"?>
<!-- Generated by org.testng.reporters.JUnitReportReporter -->
<testsuite hostname="DESKTOP-T8B8QGB" failures="0" tests="2" name="TestNGPackage.day1" time="0.011" errors="0" timestamp="2022-08-25T23:29:02 IST" skipped="0">
  <testcase classname="TestNGPackage.day1" name="SecondTest" time="0.001"/>
  <system-out/>
  <testcase classname="TestNGPackage.day1" name="Demo" time="0.010"/>
  <system-out/>
</testsuite> <!-- TestNGPackage.day1 -->
