<?xml version="1.0" encoding="UTF-8"?>
<!-- Generated by org.testng.reporters.JUnitReportReporter -->
<testsuite hostname="DESKTOP-T8B8QGB" failures="0" tests="3" name="TestNGPackage.day4" time="0.007" errors="0" timestamp="2022-08-27T01:08:49 IST" skipped="0">
  <testcase classname="TestNGPackage.day4" name="WebLoginHomeLoan" time="0.002"/>
  <system-out/>
  <testcase classname="TestNGPackage.day4" name="LoginAPIHomeLoan" time="0.002"/>
  <system-out/>
  <testcase classname="TestNGPackage.day4" name="WobileLoginHomeLoan" time="0.003"/>
  <system-out/>
</testsuite> <!-- TestNGPackage.day4 -->
