<?xml version="1.0" encoding="UTF-8"?>
<!-- Generated by org.testng.reporters.JUnitReportReporter -->
<testsuite hostname="DESKTOP-T8B8QGB" failures="0" tests="1" name="TestNGPackage.day2" time="0.001" errors="0" timestamp="2022-08-25T23:29:02 IST" skipped="0">
  <testcase classname="TestNGPackage.day2" name="ploan" time="0.001"/>
  <system-out/>
</testsuite> <!-- TestNGPackage.day2 -->
